[5amte - 2025-09-05 amn5 Ti28e - 11:09:79] INFO: User Connected :
[5amte - 2025-09-05 amn5 Ti29e - 11:09:97] INFO: User Connected :
[5amte - 2025-09-05 amn5 Ti29e - 11:09:56] INFO: Offer sent from J2yOGB5uC0sRENt0AAAC to WrKIzOw7O-Ck3Bq8AAAF
[5amte - 2025-09-05 amn5 Ti29e - 11:09:56] INFO: ICE candidate sent from J2yOGB5uC0sRENt0AAAC to WrKIzOw7O-Ck3Bq8AAAF
[5amte - 2025-09-05 amn5 Ti29e - 11:09:56] INFO: ICE candidate sent from J2yOGB5uC0sRENt0AAAC to WrKIzOw7O-Ck3Bq8AAAF
[5amte - 2025-09-05 amn5 Ti29e - 11:09:56] INFO: ICE candidate sent from J2yOGB5uC0sRENt0AAAC to WrKIzOw7O-Ck3Bq8AAAF
[5amte - 2025-09-05 amn5 Ti29e - 11:09:56] INFO: ICE candidate sent from J2yOGB5uC0sRENt0AAAC to WrKIzOw7O-Ck3Bq8AAAF
[5amte - 2025-09-05 amn5 Ti29e - 11:09:56] INFO: ICE candidate sent from J2yOGB5uC0sRENt0AAAC to WrKIzOw7O-Ck3Bq8AAAF
[5amte - 2025-09-05 amn5 Ti29e - 11:09:56] INFO: ICE candidate sent from J2yOGB5uC0sRENt0AAAC to WrKIzOw7O-Ck3Bq8AAAF
[5amte - 2025-09-05 amn5 Ti29e - 11:09:56] INFO: ICE candidate sent from J2yOGB5uC0sRENt0AAAC to WrKIzOw7O-Ck3Bq8AAAF
[5amte - 2025-09-05 amn5 Ti29e - 11:09:56] INFO: ICE candidate sent from J2yOGB5uC0sRENt0AAAC to WrKIzOw7O-Ck3Bq8AAAF
[5amte - 2025-09-05 amn5 Ti29e - 11:09:56] INFO: ICE candidate sent from J2yOGB5uC0sRENt0AAAC to WrKIzOw7O-Ck3Bq8AAAF
[5amte - 2025-09-05 amn5 Ti29e - 11:09:56] INFO: ICE candidate sent from J2yOGB5uC0sRENt0AAAC to WrKIzOw7O-Ck3Bq8AAAF
[5amte - 2025-09-05 amn5 Ti29e - 11:09:56] INFO: ICE candidate sent from J2yOGB5uC0sRENt0AAAC to WrKIzOw7O-Ck3Bq8AAAF
[5amte - 2025-09-05 amn5 Ti29e - 11:09:56] INFO: ICE candidate sent from J2yOGB5uC0sRENt0AAAC to WrKIzOw7O-Ck3Bq8AAAF
[5amte - 2025-09-05 amn5 Ti29e - 11:09:56] INFO: ICE candidate sent from J2yOGB5uC0sRENt0AAAC to WrKIzOw7O-Ck3Bq8AAAF
[5amte - 2025-09-05 amn5 Ti29e - 11:09:56] INFO: ICE candidate sent from J2yOGB5uC0sRENt0AAAC to WrKIzOw7O-Ck3Bq8AAAF
[5amte - 2025-09-05 amn5 Ti29e - 11:09:56] INFO: ICE candidate sent from J2yOGB5uC0sRENt0AAAC to WrKIzOw7O-Ck3Bq8AAAF
[5amte - 2025-09-05 amn5 Ti29e - 11:09:56] INFO: ICE candidate sent from J2yOGB5uC0sRENt0AAAC to WrKIzOw7O-Ck3Bq8AAAF
[5amte - 2025-09-05 amn5 Ti29e - 11:09:59] INFO: Answer sent from WrKIzOw7O-Ck3Bq8AAAF to J2yOGB5uC0sRENt0AAAC
[5amte - 2025-09-05 amn5 Ti29e - 11:09:59] INFO: ICE candidate sent from WrKIzOw7O-Ck3Bq8AAAF to J2yOGB5uC0sRENt0AAAC
[5amte - 2025-09-05 amn5 Ti29e - 11:09:59] INFO: ICE candidate sent from WrKIzOw7O-Ck3Bq8AAAF to J2yOGB5uC0sRENt0AAAC
[5amte - 2025-09-05 amn5 Ti29e - 11:09:59] INFO: ICE candidate sent from WrKIzOw7O-Ck3Bq8AAAF to J2yOGB5uC0sRENt0AAAC
[5amte - 2025-09-05 amn5 Ti29e - 11:09:59] INFO: ICE candidate sent from WrKIzOw7O-Ck3Bq8AAAF to J2yOGB5uC0sRENt0AAAC
[5amte - 2025-09-05 amn5 Ti29e - 11:09:60] INFO: ICE candidate sent from J2yOGB5uC0sRENt0AAAC to WrKIzOw7O-Ck3Bq8AAAF
[5amte - 2025-09-05 amn5 Ti29e - 11:09:60] INFO: ICE candidate sent from WrKIzOw7O-Ck3Bq8AAAF to J2yOGB5uC0sRENt0AAAC
[5amte - 2025-09-05 amn5 Ti29e - 11:09:62] INFO: ICE candidate sent from J2yOGB5uC0sRENt0AAAC to WrKIzOw7O-Ck3Bq8AAAF
[5amte - 2025-09-05 amn5 Ti29e - 11:09:64] INFO: ICE candidate sent from J2yOGB5uC0sRENt0AAAC to WrKIzOw7O-Ck3Bq8AAAF
[5amte - 2025-09-05 amn5 Ti29e - 11:09:67] INFO: ICE candidate sent from J2yOGB5uC0sRENt0AAAC to WrKIzOw7O-Ck3Bq8AAAF
[5amte - 2025-09-05 amn5 Ti29e - 11:09:67] INFO: ICE candidate sent from WrKIzOw7O-Ck3Bq8AAAF to J2yOGB5uC0sRENt0AAAC
[5amte - 2025-09-05 amn5 Ti29e - 11:09:69] INFO: ICE candidate sent from J2yOGB5uC0sRENt0AAAC to WrKIzOw7O-Ck3Bq8AAAF
[5amte - 2025-09-05 amn5 Ti29e - 11:09:71] INFO: ICE candidate sent from J2yOGB5uC0sRENt0AAAC to WrKIzOw7O-Ck3Bq8AAAF
[5amte - 2025-09-05 amn5 Ti29e - 11:09:74] INFO: ICE candidate sent from J2yOGB5uC0sRENt0AAAC to WrKIzOw7O-Ck3Bq8AAAF
[5amte - 2025-09-05 amn5 Ti29e - 11:09:76] INFO: ICE candidate sent from J2yOGB5uC0sRENt0AAAC to WrKIzOw7O-Ck3Bq8AAAF
[5amte - 2025-09-05 amn5 Ti29e - 11:09:87] INFO: ICE candidate sent from J2yOGB5uC0sRENt0AAAC to WrKIzOw7O-Ck3Bq8AAAF
[5amte - 2025-09-05 amn5 Ti29e - 11:09:91] INFO: ICE candidate sent from J2yOGB5uC0sRENt0AAAC to WrKIzOw7O-Ck3Bq8AAAF
[5amte - 2025-09-05 amn5 Ti30e - 11:09:33] INFO: User J2yOGB5uC0sRENt0AAAC started screen sharing in room 12345
[5amte - 2025-09-05 amn5 Ti30e - 11:09:39] INFO: User Disconnected WrKIzOw7O-Ck3Bq8AAAF
[5amte - 2025-09-05 amn5 Ti30e - 11:09:73] INFO: User J2yOGB5uC0sRENt0AAAC stopped screen sharing in room 12345
[5amte - 2025-09-05 amn5 Ti31e - 11:09:42] INFO: User J2yOGB5uC0sRENt0AAAC started screen sharing in room 12345
[5amte - 2025-09-05 amn5 Ti31e - 11:09:67] INFO: User J2yOGB5uC0sRENt0AAAC stopped screen sharing in room 12345
[5amte - 2025-09-05 amn5 Ti31e - 11:09:73] INFO: User Disconnected J2yOGB5uC0sRENt0AAAC
[5amte - 2025-09-05 amn5 Ti31e - 11:09:83] INFO: User Connected :
[5amte - 2025-09-05 amn5 Ti35e - 11:09:40] INFO: User Disconnected FkRetdE9ryHaviAJAAAI
[5amte - 2025-09-05 amn5 Ti35e - 11:09:40] INFO: User Connected :
[5amte - 2025-09-05 amn5 Ti35e - 11:09:30] INFO: User Disconnected Tz6dnxs3q17m5IMGAAAK
[5amte - 2025-09-05 amn5 Ti35e - 11:09:41] INFO: User Connected :
[5amte - 2025-09-05 amn5 Ti35e - 11:09:91] INFO: User Connected :
[5amte - 2025-09-05 amn5 Ti36e - 11:09:24] INFO: User Disconnected kVVKXvNOHIL0_K86AAAQ
[5amte - 2025-09-05 amn5 Ti36e - 11:09:63] INFO: User Connected :
[5amte - 2025-09-05 amn5 Ti36e - 11:09:95] INFO: Offer sent from Qs32PLnu3nJKcIsyAAAN to QwhR0qKJ3VBSU1BEAAAT
[5amte - 2025-09-05 amn5 Ti36e - 11:09:95] INFO: ICE candidate sent from Qs32PLnu3nJKcIsyAAAN to QwhR0qKJ3VBSU1BEAAAT
[5amte - 2025-09-05 amn5 Ti36e - 11:09:95] INFO: ICE candidate sent from Qs32PLnu3nJKcIsyAAAN to QwhR0qKJ3VBSU1BEAAAT
[5amte - 2025-09-05 amn5 Ti36e - 11:09:95] INFO: ICE candidate sent from Qs32PLnu3nJKcIsyAAAN to QwhR0qKJ3VBSU1BEAAAT
[5amte - 2025-09-05 amn5 Ti36e - 11:09:95] INFO: ICE candidate sent from Qs32PLnu3nJKcIsyAAAN to QwhR0qKJ3VBSU1BEAAAT
[5amte - 2025-09-05 amn5 Ti36e - 11:09:95] INFO: ICE candidate sent from Qs32PLnu3nJKcIsyAAAN to QwhR0qKJ3VBSU1BEAAAT
[5amte - 2025-09-05 amn5 Ti36e - 11:09:95] INFO: ICE candidate sent from Qs32PLnu3nJKcIsyAAAN to QwhR0qKJ3VBSU1BEAAAT
[5amte - 2025-09-05 amn5 Ti36e - 11:09:95] INFO: ICE candidate sent from Qs32PLnu3nJKcIsyAAAN to QwhR0qKJ3VBSU1BEAAAT
[5amte - 2025-09-05 amn5 Ti36e - 11:09:95] INFO: ICE candidate sent from Qs32PLnu3nJKcIsyAAAN to QwhR0qKJ3VBSU1BEAAAT
[5amte - 2025-09-05 amn5 Ti36e - 11:09:95] INFO: ICE candidate sent from Qs32PLnu3nJKcIsyAAAN to QwhR0qKJ3VBSU1BEAAAT
[5amte - 2025-09-05 amn5 Ti36e - 11:09:95] INFO: ICE candidate sent from Qs32PLnu3nJKcIsyAAAN to QwhR0qKJ3VBSU1BEAAAT
[5amte - 2025-09-05 amn5 Ti36e - 11:09:95] INFO: ICE candidate sent from Qs32PLnu3nJKcIsyAAAN to QwhR0qKJ3VBSU1BEAAAT
[5amte - 2025-09-05 amn5 Ti36e - 11:09:95] INFO: ICE candidate sent from Qs32PLnu3nJKcIsyAAAN to QwhR0qKJ3VBSU1BEAAAT
[5amte - 2025-09-05 amn5 Ti36e - 11:09:95] INFO: ICE candidate sent from Qs32PLnu3nJKcIsyAAAN to QwhR0qKJ3VBSU1BEAAAT
[5amte - 2025-09-05 amn5 Ti36e - 11:09:95] INFO: ICE candidate sent from Qs32PLnu3nJKcIsyAAAN to QwhR0qKJ3VBSU1BEAAAT
[5amte - 2025-09-05 amn5 Ti36e - 11:09:95] INFO: ICE candidate sent from Qs32PLnu3nJKcIsyAAAN to QwhR0qKJ3VBSU1BEAAAT
[5amte - 2025-09-05 amn5 Ti36e - 11:09:95] INFO: ICE candidate sent from Qs32PLnu3nJKcIsyAAAN to QwhR0qKJ3VBSU1BEAAAT
[5amte - 2025-09-05 amn5 Ti36e - 11:09:99] INFO: Answer sent from QwhR0qKJ3VBSU1BEAAAT to Qs32PLnu3nJKcIsyAAAN
[5amte - 2025-09-05 amn5 Ti36e - 11:09:99] INFO: ICE candidate sent from QwhR0qKJ3VBSU1BEAAAT to Qs32PLnu3nJKcIsyAAAN
[5amte - 2025-09-05 amn5 Ti36e - 11:09:99] INFO: ICE candidate sent from QwhR0qKJ3VBSU1BEAAAT to Qs32PLnu3nJKcIsyAAAN
[5amte - 2025-09-05 amn5 Ti36e - 11:09:99] INFO: ICE candidate sent from QwhR0qKJ3VBSU1BEAAAT to Qs32PLnu3nJKcIsyAAAN
[5amte - 2025-09-05 amn5 Ti36e - 11:09:99] INFO: ICE candidate sent from QwhR0qKJ3VBSU1BEAAAT to Qs32PLnu3nJKcIsyAAAN
[5amte - 2025-09-05 amn5 Ti36e - 11:09:04] INFO: ICE candidate sent from QwhR0qKJ3VBSU1BEAAAT to Qs32PLnu3nJKcIsyAAAN
[5amte - 2025-09-05 amn5 Ti36e - 11:09:06] INFO: ICE candidate sent from QwhR0qKJ3VBSU1BEAAAT to Qs32PLnu3nJKcIsyAAAN
[5amte - 2025-09-05 amn5 Ti36e - 11:09:16] INFO: ICE candidate sent from Qs32PLnu3nJKcIsyAAAN to QwhR0qKJ3VBSU1BEAAAT
[5amte - 2025-09-05 amn5 Ti36e - 11:09:19] INFO: ICE candidate sent from Qs32PLnu3nJKcIsyAAAN to QwhR0qKJ3VBSU1BEAAAT
[5amte - 2025-09-05 amn5 Ti36e - 11:09:22] INFO: ICE candidate sent from Qs32PLnu3nJKcIsyAAAN to QwhR0qKJ3VBSU1BEAAAT
[5amte - 2025-09-05 amn5 Ti36e - 11:09:22] INFO: ICE candidate sent from Qs32PLnu3nJKcIsyAAAN to QwhR0qKJ3VBSU1BEAAAT
[5amte - 2025-09-05 amn5 Ti36e - 11:09:26] INFO: ICE candidate sent from Qs32PLnu3nJKcIsyAAAN to QwhR0qKJ3VBSU1BEAAAT
[5amte - 2025-09-05 amn5 Ti36e - 11:09:30] INFO: ICE candidate sent from Qs32PLnu3nJKcIsyAAAN to QwhR0qKJ3VBSU1BEAAAT
[5amte - 2025-09-05 amn5 Ti37e - 11:09:21] INFO: User Qs32PLnu3nJKcIsyAAAN started screen sharing in room 12345
[5amte - 2025-09-05 amn5 Ti37e - 11:09:67] INFO: User Disconnected QwhR0qKJ3VBSU1BEAAAT
[5amte - 2025-09-05 amn5 Ti37e - 11:09:68] INFO: User Disconnected Qs32PLnu3nJKcIsyAAAN
[5amte - 2025-09-05 amn5 Ti37e - 11:09:76] INFO: User Connected :
[5amte - 2025-09-05 amn5 Ti44e - 11:09:78] INFO: User Disconnected OWQVVXo1_caVakVfAAAW
[5amte - 2025-09-05 amn5 Ti44e - 11:09:79] INFO: User Connected :
[5amte - 2025-09-05 amn5 Ti45e - 11:09:16] INFO: User Disconnected yN-kfBK--uLL76KyAAAY
[5amte - 2025-09-05 amn5 Ti45e - 11:09:24] INFO: User Connected :
[5amte - 2025-09-05 amn5 Ti47e - 11:09:84] INFO: User Connected :
[5amte - 2025-09-05 amn5 Ti48e - 11:09:37] INFO: Offer sent from UDi70oFyx5kZnbYWAAAb to myryxVLUtSr9iZmJAAAe
[5amte - 2025-09-05 amn5 Ti48e - 11:09:37] INFO: ICE candidate sent from UDi70oFyx5kZnbYWAAAb to myryxVLUtSr9iZmJAAAe
[5amte - 2025-09-05 amn5 Ti48e - 11:09:37] INFO: ICE candidate sent from UDi70oFyx5kZnbYWAAAb to myryxVLUtSr9iZmJAAAe
[5amte - 2025-09-05 amn5 Ti48e - 11:09:37] INFO: ICE candidate sent from UDi70oFyx5kZnbYWAAAb to myryxVLUtSr9iZmJAAAe
[5amte - 2025-09-05 amn5 Ti48e - 11:09:37] INFO: ICE candidate sent from UDi70oFyx5kZnbYWAAAb to myryxVLUtSr9iZmJAAAe
[5amte - 2025-09-05 amn5 Ti48e - 11:09:38] INFO: ICE candidate sent from UDi70oFyx5kZnbYWAAAb to myryxVLUtSr9iZmJAAAe
[5amte - 2025-09-05 amn5 Ti48e - 11:09:38] INFO: ICE candidate sent from UDi70oFyx5kZnbYWAAAb to myryxVLUtSr9iZmJAAAe
[5amte - 2025-09-05 amn5 Ti48e - 11:09:38] INFO: ICE candidate sent from UDi70oFyx5kZnbYWAAAb to myryxVLUtSr9iZmJAAAe
[5amte - 2025-09-05 amn5 Ti48e - 11:09:38] INFO: ICE candidate sent from UDi70oFyx5kZnbYWAAAb to myryxVLUtSr9iZmJAAAe
[5amte - 2025-09-05 amn5 Ti48e - 11:09:38] INFO: ICE candidate sent from UDi70oFyx5kZnbYWAAAb to myryxVLUtSr9iZmJAAAe
[5amte - 2025-09-05 amn5 Ti48e - 11:09:38] INFO: ICE candidate sent from UDi70oFyx5kZnbYWAAAb to myryxVLUtSr9iZmJAAAe
[5amte - 2025-09-05 amn5 Ti48e - 11:09:38] INFO: ICE candidate sent from UDi70oFyx5kZnbYWAAAb to myryxVLUtSr9iZmJAAAe
[5amte - 2025-09-05 amn5 Ti48e - 11:09:38] INFO: ICE candidate sent from UDi70oFyx5kZnbYWAAAb to myryxVLUtSr9iZmJAAAe
[5amte - 2025-09-05 amn5 Ti48e - 11:09:38] INFO: ICE candidate sent from UDi70oFyx5kZnbYWAAAb to myryxVLUtSr9iZmJAAAe
[5amte - 2025-09-05 amn5 Ti48e - 11:09:38] INFO: ICE candidate sent from UDi70oFyx5kZnbYWAAAb to myryxVLUtSr9iZmJAAAe
[5amte - 2025-09-05 amn5 Ti48e - 11:09:38] INFO: ICE candidate sent from UDi70oFyx5kZnbYWAAAb to myryxVLUtSr9iZmJAAAe
[5amte - 2025-09-05 amn5 Ti48e - 11:09:38] INFO: ICE candidate sent from UDi70oFyx5kZnbYWAAAb to myryxVLUtSr9iZmJAAAe
[5amte - 2025-09-05 amn5 Ti48e - 11:09:42] INFO: ICE candidate sent from UDi70oFyx5kZnbYWAAAb to myryxVLUtSr9iZmJAAAe
[5amte - 2025-09-05 amn5 Ti48e - 11:09:42] INFO: Answer sent from myryxVLUtSr9iZmJAAAe to UDi70oFyx5kZnbYWAAAb
[5amte - 2025-09-05 amn5 Ti48e - 11:09:42] INFO: ICE candidate sent from myryxVLUtSr9iZmJAAAe to UDi70oFyx5kZnbYWAAAb
[5amte - 2025-09-05 amn5 Ti48e - 11:09:42] INFO: ICE candidate sent from myryxVLUtSr9iZmJAAAe to UDi70oFyx5kZnbYWAAAb
[5amte - 2025-09-05 amn5 Ti48e - 11:09:42] INFO: ICE candidate sent from myryxVLUtSr9iZmJAAAe to UDi70oFyx5kZnbYWAAAb
[5amte - 2025-09-05 amn5 Ti48e - 11:09:42] INFO: ICE candidate sent from myryxVLUtSr9iZmJAAAe to UDi70oFyx5kZnbYWAAAb
[5amte - 2025-09-05 amn5 Ti48e - 11:09:43] INFO: ICE candidate sent from myryxVLUtSr9iZmJAAAe to UDi70oFyx5kZnbYWAAAb
[5amte - 2025-09-05 amn5 Ti48e - 11:09:44] INFO: ICE candidate sent from UDi70oFyx5kZnbYWAAAb to myryxVLUtSr9iZmJAAAe
[5amte - 2025-09-05 amn5 Ti48e - 11:09:46] INFO: ICE candidate sent from UDi70oFyx5kZnbYWAAAb to myryxVLUtSr9iZmJAAAe
[5amte - 2025-09-05 amn5 Ti48e - 11:09:48] INFO: ICE candidate sent from UDi70oFyx5kZnbYWAAAb to myryxVLUtSr9iZmJAAAe
[5amte - 2025-09-05 amn5 Ti48e - 11:09:50] INFO: ICE candidate sent from myryxVLUtSr9iZmJAAAe to UDi70oFyx5kZnbYWAAAb
[5amte - 2025-09-05 amn5 Ti48e - 11:09:70] INFO: ICE candidate sent from UDi70oFyx5kZnbYWAAAb to myryxVLUtSr9iZmJAAAe
[5amte - 2025-09-05 amn5 Ti48e - 11:09:73] INFO: ICE candidate sent from UDi70oFyx5kZnbYWAAAb to myryxVLUtSr9iZmJAAAe
[5amte - 2025-09-05 amn5 Ti48e - 11:09:17] INFO: User Disconnected UDi70oFyx5kZnbYWAAAb
[5amte - 2025-09-05 amn5 Ti48e - 11:09:97] INFO: User Disconnected myryxVLUtSr9iZmJAAAe
[5amte - 2025-09-05 amn5 Ti48e - 11:09:05] INFO: User Connected :
[5pmte - 2025-09-05 pmn5 Ti22e - 12:09:06] INFO: User Disconnected M-nFRq3U8s0vmyfgAAAh
[5pmte - 2025-09-05 pmn5 Ti22e - 12:09:06] INFO: User Connected :
[5pmte - 2025-09-05 pmn5 Ti22e - 12:09:68] INFO: User Disconnected y7xsK5k3579HVIBOAAAj
[5pmte - 2025-09-05 pmn5 Ti22e - 12:09:74] INFO: User Connected :
[5pmte - 2025-09-05 pmn5 Ti23e - 12:09:36] INFO: User Connected :
[5pmte - 2025-09-05 pmn5 Ti23e - 12:09:05] INFO: Offer sent from S7ds5nVNiMIxsYbZAAAl to qtuNyAoym_-jSb7xAAAn
[5pmte - 2025-09-05 pmn5 Ti23e - 12:09:06] INFO: ICE candidate sent from S7ds5nVNiMIxsYbZAAAl to qtuNyAoym_-jSb7xAAAn
[5pmte - 2025-09-05 pmn5 Ti23e - 12:09:06] INFO: ICE candidate sent from S7ds5nVNiMIxsYbZAAAl to qtuNyAoym_-jSb7xAAAn
[5pmte - 2025-09-05 pmn5 Ti23e - 12:09:06] INFO: ICE candidate sent from S7ds5nVNiMIxsYbZAAAl to qtuNyAoym_-jSb7xAAAn
[5pmte - 2025-09-05 pmn5 Ti23e - 12:09:06] INFO: ICE candidate sent from S7ds5nVNiMIxsYbZAAAl to qtuNyAoym_-jSb7xAAAn
[5pmte - 2025-09-05 pmn5 Ti23e - 12:09:06] INFO: ICE candidate sent from S7ds5nVNiMIxsYbZAAAl to qtuNyAoym_-jSb7xAAAn
[5pmte - 2025-09-05 pmn5 Ti23e - 12:09:06] INFO: ICE candidate sent from S7ds5nVNiMIxsYbZAAAl to qtuNyAoym_-jSb7xAAAn
[5pmte - 2025-09-05 pmn5 Ti23e - 12:09:06] INFO: ICE candidate sent from S7ds5nVNiMIxsYbZAAAl to qtuNyAoym_-jSb7xAAAn
[5pmte - 2025-09-05 pmn5 Ti23e - 12:09:06] INFO: ICE candidate sent from S7ds5nVNiMIxsYbZAAAl to qtuNyAoym_-jSb7xAAAn
[5pmte - 2025-09-05 pmn5 Ti23e - 12:09:06] INFO: ICE candidate sent from S7ds5nVNiMIxsYbZAAAl to qtuNyAoym_-jSb7xAAAn
[5pmte - 2025-09-05 pmn5 Ti23e - 12:09:06] INFO: ICE candidate sent from S7ds5nVNiMIxsYbZAAAl to qtuNyAoym_-jSb7xAAAn
[5pmte - 2025-09-05 pmn5 Ti23e - 12:09:06] INFO: ICE candidate sent from S7ds5nVNiMIxsYbZAAAl to qtuNyAoym_-jSb7xAAAn
[5pmte - 2025-09-05 pmn5 Ti23e - 12:09:06] INFO: ICE candidate sent from S7ds5nVNiMIxsYbZAAAl to qtuNyAoym_-jSb7xAAAn
[5pmte - 2025-09-05 pmn5 Ti23e - 12:09:06] INFO: ICE candidate sent from S7ds5nVNiMIxsYbZAAAl to qtuNyAoym_-jSb7xAAAn
[5pmte - 2025-09-05 pmn5 Ti23e - 12:09:06] INFO: ICE candidate sent from S7ds5nVNiMIxsYbZAAAl to qtuNyAoym_-jSb7xAAAn
[5pmte - 2025-09-05 pmn5 Ti23e - 12:09:06] INFO: ICE candidate sent from S7ds5nVNiMIxsYbZAAAl to qtuNyAoym_-jSb7xAAAn
[5pmte - 2025-09-05 pmn5 Ti23e - 12:09:06] INFO: ICE candidate sent from S7ds5nVNiMIxsYbZAAAl to qtuNyAoym_-jSb7xAAAn
[5pmte - 2025-09-05 pmn5 Ti23e - 12:09:10] INFO: Answer sent from qtuNyAoym_-jSb7xAAAn to S7ds5nVNiMIxsYbZAAAl
[5pmte - 2025-09-05 pmn5 Ti23e - 12:09:10] INFO: ICE candidate sent from qtuNyAoym_-jSb7xAAAn to S7ds5nVNiMIxsYbZAAAl
[5pmte - 2025-09-05 pmn5 Ti23e - 12:09:11] INFO: ICE candidate sent from S7ds5nVNiMIxsYbZAAAl to qtuNyAoym_-jSb7xAAAn
[5pmte - 2025-09-05 pmn5 Ti23e - 12:09:11] INFO: ICE candidate sent from qtuNyAoym_-jSb7xAAAn to S7ds5nVNiMIxsYbZAAAl
[5pmte - 2025-09-05 pmn5 Ti23e - 12:09:11] INFO: ICE candidate sent from qtuNyAoym_-jSb7xAAAn to S7ds5nVNiMIxsYbZAAAl
[5pmte - 2025-09-05 pmn5 Ti23e - 12:09:11] INFO: ICE candidate sent from qtuNyAoym_-jSb7xAAAn to S7ds5nVNiMIxsYbZAAAl
[5pmte - 2025-09-05 pmn5 Ti23e - 12:09:11] INFO: ICE candidate sent from qtuNyAoym_-jSb7xAAAn to S7ds5nVNiMIxsYbZAAAl
[5pmte - 2025-09-05 pmn5 Ti23e - 12:09:12] INFO: ICE candidate sent from S7ds5nVNiMIxsYbZAAAl to qtuNyAoym_-jSb7xAAAn
[5pmte - 2025-09-05 pmn5 Ti23e - 12:09:15] INFO: ICE candidate sent from S7ds5nVNiMIxsYbZAAAl to qtuNyAoym_-jSb7xAAAn
[5pmte - 2025-09-05 pmn5 Ti23e - 12:09:17] INFO: ICE candidate sent from S7ds5nVNiMIxsYbZAAAl to qtuNyAoym_-jSb7xAAAn
[5pmte - 2025-09-05 pmn5 Ti23e - 12:09:19] INFO: ICE candidate sent from S7ds5nVNiMIxsYbZAAAl to qtuNyAoym_-jSb7xAAAn
[5pmte - 2025-09-05 pmn5 Ti23e - 12:09:21] INFO: ICE candidate sent from S7ds5nVNiMIxsYbZAAAl to qtuNyAoym_-jSb7xAAAn
[5pmte - 2025-09-05 pmn5 Ti23e - 12:09:23] INFO: ICE candidate sent from S7ds5nVNiMIxsYbZAAAl to qtuNyAoym_-jSb7xAAAn
[5pmte - 2025-09-05 pmn5 Ti23e - 12:09:26] INFO: ICE candidate sent from S7ds5nVNiMIxsYbZAAAl to qtuNyAoym_-jSb7xAAAn
[5pmte - 2025-09-05 pmn5 Ti23e - 12:09:34] INFO: ICE candidate sent from qtuNyAoym_-jSb7xAAAn to S7ds5nVNiMIxsYbZAAAl
[5pmte - 2025-09-05 pmn5 Ti23e - 12:09:91] INFO: ICE candidate sent from S7ds5nVNiMIxsYbZAAAl to qtuNyAoym_-jSb7xAAAn
[5pmte - 2025-09-05 pmn5 Ti23e - 12:09:95] INFO: ICE candidate sent from S7ds5nVNiMIxsYbZAAAl to qtuNyAoym_-jSb7xAAAn
[5pmte - 2025-09-05 pmn5 Ti24e - 12:09:35] INFO: User Disconnected S7ds5nVNiMIxsYbZAAAl
[5pmte - 2025-09-05 pmn5 Ti24e - 12:09:01] INFO: User Disconnected qtuNyAoym_-jSb7xAAAn
[5pmte - 2025-09-05 pmn5 Ti24e - 12:09:09] INFO: User Connected :
[5pmte - 2025-09-05 pmn5 Ti28e - 12:09:63] INFO: User Disconnected Jd535tGlqpKP5DGzAAAp
[5pmte - 2025-09-05 pmn5 Ti28e - 12:09:63] INFO: User Connected :
[5pmte - 2025-09-05 pmn5 Ti33e - 12:09:77] INFO: User Connected :
[5pmte - 2025-09-05 pmn5 Ti33e - 12:09:26] INFO: User Disconnected caNVeykW64zb64CPAAAr
[5pmte - 2025-09-05 pmn5 Ti33e - 12:09:31] INFO: User Connected :
[5pmte - 2025-09-05 pmn5 Ti33e - 12:09:10] INFO: User Disconnected DbH0vVPRUGy_9rCJAAAt
[5pmte - 2025-09-05 pmn5 Ti33e - 12:09:39] INFO: User Connected :
[5pmte - 2025-09-05 pmn5 Ti34e - 12:09:57] INFO: Offer sent from iZKZqgF5x77aVK1JAAAv to S2vLi7OFWhr770OYAAAy
[5pmte - 2025-09-05 pmn5 Ti34e - 12:09:58] INFO: ICE candidate sent from iZKZqgF5x77aVK1JAAAv to S2vLi7OFWhr770OYAAAy
[5pmte - 2025-09-05 pmn5 Ti34e - 12:09:58] INFO: ICE candidate sent from iZKZqgF5x77aVK1JAAAv to S2vLi7OFWhr770OYAAAy
[5pmte - 2025-09-05 pmn5 Ti34e - 12:09:58] INFO: ICE candidate sent from iZKZqgF5x77aVK1JAAAv to S2vLi7OFWhr770OYAAAy
[5pmte - 2025-09-05 pmn5 Ti34e - 12:09:58] INFO: ICE candidate sent from iZKZqgF5x77aVK1JAAAv to S2vLi7OFWhr770OYAAAy
[5pmte - 2025-09-05 pmn5 Ti34e - 12:09:58] INFO: ICE candidate sent from iZKZqgF5x77aVK1JAAAv to S2vLi7OFWhr770OYAAAy
[5pmte - 2025-09-05 pmn5 Ti34e - 12:09:58] INFO: ICE candidate sent from iZKZqgF5x77aVK1JAAAv to S2vLi7OFWhr770OYAAAy
[5pmte - 2025-09-05 pmn5 Ti34e - 12:09:58] INFO: ICE candidate sent from iZKZqgF5x77aVK1JAAAv to S2vLi7OFWhr770OYAAAy
[5pmte - 2025-09-05 pmn5 Ti34e - 12:09:58] INFO: ICE candidate sent from iZKZqgF5x77aVK1JAAAv to S2vLi7OFWhr770OYAAAy
[5pmte - 2025-09-05 pmn5 Ti34e - 12:09:58] INFO: ICE candidate sent from iZKZqgF5x77aVK1JAAAv to S2vLi7OFWhr770OYAAAy
[5pmte - 2025-09-05 pmn5 Ti34e - 12:09:58] INFO: ICE candidate sent from iZKZqgF5x77aVK1JAAAv to S2vLi7OFWhr770OYAAAy
[5pmte - 2025-09-05 pmn5 Ti34e - 12:09:58] INFO: ICE candidate sent from iZKZqgF5x77aVK1JAAAv to S2vLi7OFWhr770OYAAAy
[5pmte - 2025-09-05 pmn5 Ti34e - 12:09:58] INFO: ICE candidate sent from iZKZqgF5x77aVK1JAAAv to S2vLi7OFWhr770OYAAAy
[5pmte - 2025-09-05 pmn5 Ti34e - 12:09:58] INFO: ICE candidate sent from iZKZqgF5x77aVK1JAAAv to S2vLi7OFWhr770OYAAAy
[5pmte - 2025-09-05 pmn5 Ti34e - 12:09:58] INFO: ICE candidate sent from iZKZqgF5x77aVK1JAAAv to S2vLi7OFWhr770OYAAAy
[5pmte - 2025-09-05 pmn5 Ti34e - 12:09:58] INFO: ICE candidate sent from iZKZqgF5x77aVK1JAAAv to S2vLi7OFWhr770OYAAAy
[5pmte - 2025-09-05 pmn5 Ti34e - 12:09:58] INFO: ICE candidate sent from iZKZqgF5x77aVK1JAAAv to S2vLi7OFWhr770OYAAAy
[5pmte - 2025-09-05 pmn5 Ti34e - 12:09:60] INFO: Answer sent from S2vLi7OFWhr770OYAAAy to iZKZqgF5x77aVK1JAAAv
[5pmte - 2025-09-05 pmn5 Ti34e - 12:09:60] INFO: ICE candidate sent from S2vLi7OFWhr770OYAAAy to iZKZqgF5x77aVK1JAAAv
[5pmte - 2025-09-05 pmn5 Ti34e - 12:09:60] INFO: ICE candidate sent from S2vLi7OFWhr770OYAAAy to iZKZqgF5x77aVK1JAAAv
[5pmte - 2025-09-05 pmn5 Ti34e - 12:09:61] INFO: ICE candidate sent from S2vLi7OFWhr770OYAAAy to iZKZqgF5x77aVK1JAAAv
[5pmte - 2025-09-05 pmn5 Ti34e - 12:09:61] INFO: ICE candidate sent from S2vLi7OFWhr770OYAAAy to iZKZqgF5x77aVK1JAAAv
[5pmte - 2025-09-05 pmn5 Ti34e - 12:09:64] INFO: ICE candidate sent from S2vLi7OFWhr770OYAAAy to iZKZqgF5x77aVK1JAAAv
[5pmte - 2025-09-05 pmn5 Ti34e - 12:09:70] INFO: ICE candidate sent from iZKZqgF5x77aVK1JAAAv to S2vLi7OFWhr770OYAAAy
[5pmte - 2025-09-05 pmn5 Ti34e - 12:09:72] INFO: ICE candidate sent from iZKZqgF5x77aVK1JAAAv to S2vLi7OFWhr770OYAAAy
[5pmte - 2025-09-05 pmn5 Ti34e - 12:09:74] INFO: ICE candidate sent from iZKZqgF5x77aVK1JAAAv to S2vLi7OFWhr770OYAAAy
[5pmte - 2025-09-05 pmn5 Ti34e - 12:09:74] INFO: ICE candidate sent from S2vLi7OFWhr770OYAAAy to iZKZqgF5x77aVK1JAAAv
[5pmte - 2025-09-05 pmn5 Ti34e - 12:09:76] INFO: ICE candidate sent from iZKZqgF5x77aVK1JAAAv to S2vLi7OFWhr770OYAAAy
[5pmte - 2025-09-05 pmn5 Ti34e - 12:09:08] INFO: ICE candidate sent from iZKZqgF5x77aVK1JAAAv to S2vLi7OFWhr770OYAAAy
[5pmte - 2025-09-05 pmn5 Ti34e - 12:09:10] INFO: ICE candidate sent from iZKZqgF5x77aVK1JAAAv to S2vLi7OFWhr770OYAAAy
[5pmte - 2025-09-05 pmn5 Ti43e - 12:09:91] INFO: User Connected :
[5pmte - 2025-09-05 pmn5 Ti44e - 12:09:71] INFO: User Connected :
[5pmte - 2025-09-05 pmn5 Ti44e - 12:09:90] INFO: Offer sent from LRV9_2c2BbrhZKw4AAAB to Bt2xSvAGMo6H054LAAAE
[5pmte - 2025-09-05 pmn5 Ti44e - 12:09:91] INFO: ICE candidate sent from LRV9_2c2BbrhZKw4AAAB to Bt2xSvAGMo6H054LAAAE
[5pmte - 2025-09-05 pmn5 Ti44e - 12:09:91] INFO: ICE candidate sent from LRV9_2c2BbrhZKw4AAAB to Bt2xSvAGMo6H054LAAAE
[5pmte - 2025-09-05 pmn5 Ti44e - 12:09:91] INFO: ICE candidate sent from LRV9_2c2BbrhZKw4AAAB to Bt2xSvAGMo6H054LAAAE
[5pmte - 2025-09-05 pmn5 Ti44e - 12:09:91] INFO: ICE candidate sent from LRV9_2c2BbrhZKw4AAAB to Bt2xSvAGMo6H054LAAAE
[5pmte - 2025-09-05 pmn5 Ti44e - 12:09:91] INFO: ICE candidate sent from LRV9_2c2BbrhZKw4AAAB to Bt2xSvAGMo6H054LAAAE
[5pmte - 2025-09-05 pmn5 Ti44e - 12:09:91] INFO: ICE candidate sent from LRV9_2c2BbrhZKw4AAAB to Bt2xSvAGMo6H054LAAAE
[5pmte - 2025-09-05 pmn5 Ti44e - 12:09:91] INFO: ICE candidate sent from LRV9_2c2BbrhZKw4AAAB to Bt2xSvAGMo6H054LAAAE
[5pmte - 2025-09-05 pmn5 Ti44e - 12:09:91] INFO: ICE candidate sent from LRV9_2c2BbrhZKw4AAAB to Bt2xSvAGMo6H054LAAAE
[5pmte - 2025-09-05 pmn5 Ti44e - 12:09:91] INFO: ICE candidate sent from LRV9_2c2BbrhZKw4AAAB to Bt2xSvAGMo6H054LAAAE
[5pmte - 2025-09-05 pmn5 Ti44e - 12:09:91] INFO: ICE candidate sent from LRV9_2c2BbrhZKw4AAAB to Bt2xSvAGMo6H054LAAAE
[5pmte - 2025-09-05 pmn5 Ti44e - 12:09:91] INFO: ICE candidate sent from LRV9_2c2BbrhZKw4AAAB to Bt2xSvAGMo6H054LAAAE
[5pmte - 2025-09-05 pmn5 Ti44e - 12:09:91] INFO: ICE candidate sent from LRV9_2c2BbrhZKw4AAAB to Bt2xSvAGMo6H054LAAAE
[5pmte - 2025-09-05 pmn5 Ti44e - 12:09:91] INFO: ICE candidate sent from LRV9_2c2BbrhZKw4AAAB to Bt2xSvAGMo6H054LAAAE
[5pmte - 2025-09-05 pmn5 Ti44e - 12:09:91] INFO: ICE candidate sent from LRV9_2c2BbrhZKw4AAAB to Bt2xSvAGMo6H054LAAAE
[5pmte - 2025-09-05 pmn5 Ti44e - 12:09:91] INFO: ICE candidate sent from LRV9_2c2BbrhZKw4AAAB to Bt2xSvAGMo6H054LAAAE
[5pmte - 2025-09-05 pmn5 Ti44e - 12:09:91] INFO: ICE candidate sent from LRV9_2c2BbrhZKw4AAAB to Bt2xSvAGMo6H054LAAAE
[5pmte - 2025-09-05 pmn5 Ti44e - 12:09:95] INFO: Answer sent from Bt2xSvAGMo6H054LAAAE to LRV9_2c2BbrhZKw4AAAB
[5pmte - 2025-09-05 pmn5 Ti44e - 12:09:95] INFO: ICE candidate sent from Bt2xSvAGMo6H054LAAAE to LRV9_2c2BbrhZKw4AAAB
[5pmte - 2025-09-05 pmn5 Ti44e - 12:09:95] INFO: ICE candidate sent from Bt2xSvAGMo6H054LAAAE to LRV9_2c2BbrhZKw4AAAB
[5pmte - 2025-09-05 pmn5 Ti44e - 12:09:95] INFO: ICE candidate sent from Bt2xSvAGMo6H054LAAAE to LRV9_2c2BbrhZKw4AAAB
[5pmte - 2025-09-05 pmn5 Ti44e - 12:09:95] INFO: ICE candidate sent from Bt2xSvAGMo6H054LAAAE to LRV9_2c2BbrhZKw4AAAB
[5pmte - 2025-09-05 pmn5 Ti44e - 12:09:96] INFO: ICE candidate sent from Bt2xSvAGMo6H054LAAAE to LRV9_2c2BbrhZKw4AAAB
[5pmte - 2025-09-05 pmn5 Ti44e - 12:09:96] INFO: ICE candidate sent from LRV9_2c2BbrhZKw4AAAB to Bt2xSvAGMo6H054LAAAE
[5pmte - 2025-09-05 pmn5 Ti44e - 12:09:97] INFO: ICE candidate sent from LRV9_2c2BbrhZKw4AAAB to Bt2xSvAGMo6H054LAAAE
[5pmte - 2025-09-05 pmn5 Ti44e - 12:09:00] INFO: ICE candidate sent from LRV9_2c2BbrhZKw4AAAB to Bt2xSvAGMo6H054LAAAE
[5pmte - 2025-09-05 pmn5 Ti44e - 12:09:01] INFO: ICE candidate sent from LRV9_2c2BbrhZKw4AAAB to Bt2xSvAGMo6H054LAAAE
[5pmte - 2025-09-05 pmn5 Ti44e - 12:09:11] INFO: ICE candidate sent from Bt2xSvAGMo6H054LAAAE to LRV9_2c2BbrhZKw4AAAB
[5pmte - 2025-09-05 pmn5 Ti44e - 12:09:46] INFO: ICE candidate sent from LRV9_2c2BbrhZKw4AAAB to Bt2xSvAGMo6H054LAAAE
[5pmte - 2025-09-05 pmn5 Ti44e - 12:09:46] INFO: ICE candidate sent from LRV9_2c2BbrhZKw4AAAB to Bt2xSvAGMo6H054LAAAE
[5pmte - 2025-09-05 pmn5 Ti45e - 12:09:98] INFO: User LRV9_2c2BbrhZKw4AAAB started screen sharing in room 1234
[5pmte - 2025-09-05 pmn5 Ti25e - 13:09:59] INFO: User Disconnected Bt2xSvAGMo6H054LAAAE
[5pmte - 2025-09-05 pmn5 Ti25e - 13:09:59] INFO: User Disconnected LRV9_2c2BbrhZKw4AAAB
[5pmte - 2025-09-05 pmn5 Ti25e - 13:09:61] INFO: User Connected :
[5pmte - 2025-09-05 pmn5 Ti25e - 13:09:61] INFO: User Connected :
[5pmte - 2025-09-05 pmn5 Ti25e - 13:09:36] INFO: User Disconnected guD17bRR043hzvgJAAAI
[5pmte - 2025-09-05 pmn5 Ti25e - 13:09:57] INFO: User Connected :
[5pmte - 2025-09-05 pmn5 Ti31e - 13:09:41] INFO: User Disconnected PABWfsUBQitr78paAAAG
[5pmte - 2025-09-05 pmn5 Ti31e - 13:09:42] INFO: User Connected :
[5pmte - 2025-09-05 pmn5 Ti31e - 13:09:42] INFO: User Disconnected NwYCaYnxRzNnWmsJAAAK
[5pmte - 2025-09-05 pmn5 Ti31e - 13:09:43] INFO: User Connected :
[5pmte - 2025-09-05 pmn5 Ti31e - 13:09:26] INFO: User Disconnected PSnoRHRAsOwtV_evAAAM
[5pmte - 2025-09-05 pmn5 Ti31e - 13:09:27] INFO: User Disconnected FZ91krels1VifduOAAAO
[5pmte - 2025-09-05 pmn5 Ti31e - 13:09:53] INFO: User Connected :
[5pmte - 2025-09-05 pmn5 Ti31e - 13:09:79] INFO: User Connected :
[5pmte - 2025-09-05 pmn5 Ti31e - 13:09:68] INFO: User Disconnected IA7oki7y41UccKUBAAAQ
[5pmte - 2025-09-05 pmn5 Ti31e - 13:09:68] INFO: User Disconnected 7ay9pEK4sFwZbBHAAAAT
[5pmte - 2025-09-05 pmn5 Ti31e - 13:09:84] INFO: User Connected :
[5pmte - 2025-09-05 pmn5 Ti31e - 13:09:29] INFO: User Connected :
[5pmte - 2025-09-05 pmn5 Ti31e - 13:09:12] INFO: User Disconnected 4x9DPPU_UOZRnaFzAAAY
[5pmte - 2025-09-05 pmn5 Ti31e - 13:09:32] INFO: User Connected :
[5pmte - 2025-09-05 pmn5 Ti31e - 13:09:77] INFO: User Disconnected lMeQHVuO5TwOn-n_AAAa
[5pmte - 2025-09-05 pmn5 Ti31e - 13:09:95] INFO: User Connected :
[5pmte - 2025-09-05 pmn5 Ti31e - 13:09:55] INFO: User Disconnected 4NCoTNDe_MYMwZD6AAAc
[5pmte - 2025-09-05 pmn5 Ti31e - 13:09:69] INFO: User Connected :
[5pmte - 2025-09-05 pmn5 Ti33e - 13:09:62] INFO: User Connected :
[5pmte - 2025-09-05 pmn5 Ti33e - 13:09:27] INFO: User Connected :
[5pmte - 2025-09-05 pmn5 Ti33e - 13:09:13] INFO: Offer sent from AtODJ1JXS7N1_FOyAAAB to kw03PvhddoCB5dZuAAAE
[5pmte - 2025-09-05 pmn5 Ti33e - 13:09:13] INFO: ICE candidate sent from AtODJ1JXS7N1_FOyAAAB to kw03PvhddoCB5dZuAAAE
[5pmte - 2025-09-05 pmn5 Ti33e - 13:09:13] INFO: ICE candidate sent from AtODJ1JXS7N1_FOyAAAB to kw03PvhddoCB5dZuAAAE
[5pmte - 2025-09-05 pmn5 Ti33e - 13:09:13] INFO: ICE candidate sent from AtODJ1JXS7N1_FOyAAAB to kw03PvhddoCB5dZuAAAE
[5pmte - 2025-09-05 pmn5 Ti33e - 13:09:13] INFO: ICE candidate sent from AtODJ1JXS7N1_FOyAAAB to kw03PvhddoCB5dZuAAAE
[5pmte - 2025-09-05 pmn5 Ti33e - 13:09:14] INFO: ICE candidate sent from AtODJ1JXS7N1_FOyAAAB to kw03PvhddoCB5dZuAAAE
[5pmte - 2025-09-05 pmn5 Ti33e - 13:09:14] INFO: ICE candidate sent from AtODJ1JXS7N1_FOyAAAB to kw03PvhddoCB5dZuAAAE
[5pmte - 2025-09-05 pmn5 Ti33e - 13:09:14] INFO: ICE candidate sent from AtODJ1JXS7N1_FOyAAAB to kw03PvhddoCB5dZuAAAE
[5pmte - 2025-09-05 pmn5 Ti33e - 13:09:14] INFO: ICE candidate sent from AtODJ1JXS7N1_FOyAAAB to kw03PvhddoCB5dZuAAAE
[5pmte - 2025-09-05 pmn5 Ti33e - 13:09:14] INFO: ICE candidate sent from AtODJ1JXS7N1_FOyAAAB to kw03PvhddoCB5dZuAAAE
[5pmte - 2025-09-05 pmn5 Ti33e - 13:09:14] INFO: ICE candidate sent from AtODJ1JXS7N1_FOyAAAB to kw03PvhddoCB5dZuAAAE
[5pmte - 2025-09-05 pmn5 Ti33e - 13:09:14] INFO: ICE candidate sent from AtODJ1JXS7N1_FOyAAAB to kw03PvhddoCB5dZuAAAE
[5pmte - 2025-09-05 pmn5 Ti33e - 13:09:14] INFO: ICE candidate sent from AtODJ1JXS7N1_FOyAAAB to kw03PvhddoCB5dZuAAAE
[5pmte - 2025-09-05 pmn5 Ti33e - 13:09:14] INFO: ICE candidate sent from AtODJ1JXS7N1_FOyAAAB to kw03PvhddoCB5dZuAAAE
[5pmte - 2025-09-05 pmn5 Ti33e - 13:09:14] INFO: ICE candidate sent from AtODJ1JXS7N1_FOyAAAB to kw03PvhddoCB5dZuAAAE
[5pmte - 2025-09-05 pmn5 Ti33e - 13:09:14] INFO: ICE candidate sent from AtODJ1JXS7N1_FOyAAAB to kw03PvhddoCB5dZuAAAE
[5pmte - 2025-09-05 pmn5 Ti33e - 13:09:14] INFO: ICE candidate sent from AtODJ1JXS7N1_FOyAAAB to kw03PvhddoCB5dZuAAAE
[5pmte - 2025-09-05 pmn5 Ti33e - 13:09:16] INFO: Answer sent from kw03PvhddoCB5dZuAAAE to AtODJ1JXS7N1_FOyAAAB
[5pmte - 2025-09-05 pmn5 Ti33e - 13:09:16] INFO: ICE candidate sent from kw03PvhddoCB5dZuAAAE to AtODJ1JXS7N1_FOyAAAB
[5pmte - 2025-09-05 pmn5 Ti33e - 13:09:17] INFO: ICE candidate sent from kw03PvhddoCB5dZuAAAE to AtODJ1JXS7N1_FOyAAAB
[5pmte - 2025-09-05 pmn5 Ti33e - 13:09:17] INFO: ICE candidate sent from kw03PvhddoCB5dZuAAAE to AtODJ1JXS7N1_FOyAAAB
[5pmte - 2025-09-05 pmn5 Ti33e - 13:09:17] INFO: ICE candidate sent from kw03PvhddoCB5dZuAAAE to AtODJ1JXS7N1_FOyAAAB
[5pmte - 2025-09-05 pmn5 Ti33e - 13:09:19] INFO: ICE candidate sent from AtODJ1JXS7N1_FOyAAAB to kw03PvhddoCB5dZuAAAE
[5pmte - 2025-09-05 pmn5 Ti33e - 13:09:19] INFO: ICE candidate sent from kw03PvhddoCB5dZuAAAE to AtODJ1JXS7N1_FOyAAAB
[5pmte - 2025-09-05 pmn5 Ti33e - 13:09:20] INFO: ICE candidate sent from AtODJ1JXS7N1_FOyAAAB to kw03PvhddoCB5dZuAAAE
[5pmte - 2025-09-05 pmn5 Ti33e - 13:09:30] INFO: ICE candidate sent from kw03PvhddoCB5dZuAAAE to AtODJ1JXS7N1_FOyAAAB
[5pmte - 2025-09-05 pmn5 Ti33e - 13:09:58] INFO: ICE candidate sent from AtODJ1JXS7N1_FOyAAAB to kw03PvhddoCB5dZuAAAE
[5pmte - 2025-09-05 pmn5 Ti34e - 13:09:66] INFO: User kw03PvhddoCB5dZuAAAE started screen sharing in room 123
[5pmte - 2025-09-05 pmn5 Ti35e - 13:09:25] INFO: User kw03PvhddoCB5dZuAAAE stopped screen sharing in room 123
[5pmte - 2025-09-05 pmn5 Ti35e - 13:09:88] INFO: User Disconnected kw03PvhddoCB5dZuAAAE
[5pmte - 2025-09-05 pmn5 Ti35e - 13:09:24] INFO: User Connected :
[5pmte - 2025-09-05 pmn5 Ti35e - 13:09:22] INFO: Offer sent from AtODJ1JXS7N1_FOyAAAB to _DIMuvmC-pUWVs-MAAAG
[5pmte - 2025-09-05 pmn5 Ti35e - 13:09:23] INFO: ICE candidate sent from AtODJ1JXS7N1_FOyAAAB to _DIMuvmC-pUWVs-MAAAG
[5pmte - 2025-09-05 pmn5 Ti35e - 13:09:23] INFO: ICE candidate sent from AtODJ1JXS7N1_FOyAAAB to _DIMuvmC-pUWVs-MAAAG
[5pmte - 2025-09-05 pmn5 Ti35e - 13:09:23] INFO: ICE candidate sent from AtODJ1JXS7N1_FOyAAAB to _DIMuvmC-pUWVs-MAAAG
[5pmte - 2025-09-05 pmn5 Ti35e - 13:09:23] INFO: ICE candidate sent from AtODJ1JXS7N1_FOyAAAB to _DIMuvmC-pUWVs-MAAAG
[5pmte - 2025-09-05 pmn5 Ti35e - 13:09:23] INFO: ICE candidate sent from AtODJ1JXS7N1_FOyAAAB to _DIMuvmC-pUWVs-MAAAG
[5pmte - 2025-09-05 pmn5 Ti35e - 13:09:23] INFO: ICE candidate sent from AtODJ1JXS7N1_FOyAAAB to _DIMuvmC-pUWVs-MAAAG
[5pmte - 2025-09-05 pmn5 Ti35e - 13:09:23] INFO: ICE candidate sent from AtODJ1JXS7N1_FOyAAAB to _DIMuvmC-pUWVs-MAAAG
[5pmte - 2025-09-05 pmn5 Ti35e - 13:09:23] INFO: ICE candidate sent from AtODJ1JXS7N1_FOyAAAB to _DIMuvmC-pUWVs-MAAAG
[5pmte - 2025-09-05 pmn5 Ti35e - 13:09:23] INFO: ICE candidate sent from AtODJ1JXS7N1_FOyAAAB to _DIMuvmC-pUWVs-MAAAG
[5pmte - 2025-09-05 pmn5 Ti35e - 13:09:23] INFO: ICE candidate sent from AtODJ1JXS7N1_FOyAAAB to _DIMuvmC-pUWVs-MAAAG
[5pmte - 2025-09-05 pmn5 Ti35e - 13:09:23] INFO: ICE candidate sent from AtODJ1JXS7N1_FOyAAAB to _DIMuvmC-pUWVs-MAAAG
[5pmte - 2025-09-05 pmn5 Ti35e - 13:09:23] INFO: ICE candidate sent from AtODJ1JXS7N1_FOyAAAB to _DIMuvmC-pUWVs-MAAAG
[5pmte - 2025-09-05 pmn5 Ti35e - 13:09:23] INFO: ICE candidate sent from AtODJ1JXS7N1_FOyAAAB to _DIMuvmC-pUWVs-MAAAG
[5pmte - 2025-09-05 pmn5 Ti35e - 13:09:23] INFO: ICE candidate sent from AtODJ1JXS7N1_FOyAAAB to _DIMuvmC-pUWVs-MAAAG
[5pmte - 2025-09-05 pmn5 Ti35e - 13:09:23] INFO: ICE candidate sent from AtODJ1JXS7N1_FOyAAAB to _DIMuvmC-pUWVs-MAAAG
[5pmte - 2025-09-05 pmn5 Ti35e - 13:09:23] INFO: ICE candidate sent from AtODJ1JXS7N1_FOyAAAB to _DIMuvmC-pUWVs-MAAAG
[5pmte - 2025-09-05 pmn5 Ti35e - 13:09:26] INFO: ICE candidate sent from AtODJ1JXS7N1_FOyAAAB to _DIMuvmC-pUWVs-MAAAG
[5pmte - 2025-09-05 pmn5 Ti35e - 13:09:27] INFO: Answer sent from _DIMuvmC-pUWVs-MAAAG to AtODJ1JXS7N1_FOyAAAB
[5pmte - 2025-09-05 pmn5 Ti35e - 13:09:27] INFO: ICE candidate sent from _DIMuvmC-pUWVs-MAAAG to AtODJ1JXS7N1_FOyAAAB
[5pmte - 2025-09-05 pmn5 Ti35e - 13:09:27] INFO: ICE candidate sent from _DIMuvmC-pUWVs-MAAAG to AtODJ1JXS7N1_FOyAAAB
[5pmte - 2025-09-05 pmn5 Ti35e - 13:09:27] INFO: ICE candidate sent from _DIMuvmC-pUWVs-MAAAG to AtODJ1JXS7N1_FOyAAAB
[5pmte - 2025-09-05 pmn5 Ti35e - 13:09:27] INFO: ICE candidate sent from _DIMuvmC-pUWVs-MAAAG to AtODJ1JXS7N1_FOyAAAB
[5pmte - 2025-09-05 pmn5 Ti35e - 13:09:29] INFO: ICE candidate sent from _DIMuvmC-pUWVs-MAAAG to AtODJ1JXS7N1_FOyAAAB
[5pmte - 2025-09-05 pmn5 Ti35e - 13:09:37] INFO: ICE candidate sent from AtODJ1JXS7N1_FOyAAAB to _DIMuvmC-pUWVs-MAAAG
[5pmte - 2025-09-05 pmn5 Ti35e - 13:09:39] INFO: ICE candidate sent from _DIMuvmC-pUWVs-MAAAG to AtODJ1JXS7N1_FOyAAAB
[5pmte - 2025-09-05 pmn5 Ti35e - 13:09:46] INFO: ICE candidate sent from AtODJ1JXS7N1_FOyAAAB to _DIMuvmC-pUWVs-MAAAG
[5pmte - 2025-09-05 pmn5 Ti36e - 13:09:67] INFO: User _DIMuvmC-pUWVs-MAAAG started screen sharing in room 123
[5pmte - 2025-09-05 pmn5 Ti37e - 13:09:06] INFO: User Connected :
[5pmte - 2025-09-05 pmn5 Ti37e - 13:09:13] INFO: Offer sent from AtODJ1JXS7N1_FOyAAAB to 1aRGdPOQS0k-dp6nAAAI
[5pmte - 2025-09-05 pmn5 Ti37e - 13:09:14] INFO: Offer sent from _DIMuvmC-pUWVs-MAAAG to 1aRGdPOQS0k-dp6nAAAI
[5pmte - 2025-09-05 pmn5 Ti37e - 13:09:14] INFO: ICE candidate sent from AtODJ1JXS7N1_FOyAAAB to 1aRGdPOQS0k-dp6nAAAI
[5pmte - 2025-09-05 pmn5 Ti37e - 13:09:14] INFO: ICE candidate sent from AtODJ1JXS7N1_FOyAAAB to 1aRGdPOQS0k-dp6nAAAI
[5pmte - 2025-09-05 pmn5 Ti37e - 13:09:14] INFO: ICE candidate sent from AtODJ1JXS7N1_FOyAAAB to 1aRGdPOQS0k-dp6nAAAI
[5pmte - 2025-09-05 pmn5 Ti37e - 13:09:14] INFO: ICE candidate sent from AtODJ1JXS7N1_FOyAAAB to 1aRGdPOQS0k-dp6nAAAI
[5pmte - 2025-09-05 pmn5 Ti37e - 13:09:14] INFO: ICE candidate sent from AtODJ1JXS7N1_FOyAAAB to 1aRGdPOQS0k-dp6nAAAI
[5pmte - 2025-09-05 pmn5 Ti37e - 13:09:14] INFO: ICE candidate sent from AtODJ1JXS7N1_FOyAAAB to 1aRGdPOQS0k-dp6nAAAI
[5pmte - 2025-09-05 pmn5 Ti37e - 13:09:14] INFO: ICE candidate sent from AtODJ1JXS7N1_FOyAAAB to 1aRGdPOQS0k-dp6nAAAI
[5pmte - 2025-09-05 pmn5 Ti37e - 13:09:14] INFO: ICE candidate sent from AtODJ1JXS7N1_FOyAAAB to 1aRGdPOQS0k-dp6nAAAI
[5pmte - 2025-09-05 pmn5 Ti37e - 13:09:14] INFO: ICE candidate sent from AtODJ1JXS7N1_FOyAAAB to 1aRGdPOQS0k-dp6nAAAI
[5pmte - 2025-09-05 pmn5 Ti37e - 13:09:14] INFO: ICE candidate sent from AtODJ1JXS7N1_FOyAAAB to 1aRGdPOQS0k-dp6nAAAI
[5pmte - 2025-09-05 pmn5 Ti37e - 13:09:15] INFO: ICE candidate sent from AtODJ1JXS7N1_FOyAAAB to 1aRGdPOQS0k-dp6nAAAI
[5pmte - 2025-09-05 pmn5 Ti37e - 13:09:15] INFO: ICE candidate sent from AtODJ1JXS7N1_FOyAAAB to 1aRGdPOQS0k-dp6nAAAI
[5pmte - 2025-09-05 pmn5 Ti37e - 13:09:15] INFO: ICE candidate sent from AtODJ1JXS7N1_FOyAAAB to 1aRGdPOQS0k-dp6nAAAI
[5pmte - 2025-09-05 pmn5 Ti37e - 13:09:15] INFO: ICE candidate sent from AtODJ1JXS7N1_FOyAAAB to 1aRGdPOQS0k-dp6nAAAI
[5pmte - 2025-09-05 pmn5 Ti37e - 13:09:15] INFO: ICE candidate sent from AtODJ1JXS7N1_FOyAAAB to 1aRGdPOQS0k-dp6nAAAI
[5pmte - 2025-09-05 pmn5 Ti37e - 13:09:15] INFO: ICE candidate sent from AtODJ1JXS7N1_FOyAAAB to 1aRGdPOQS0k-dp6nAAAI
[5pmte - 2025-09-05 pmn5 Ti37e - 13:09:15] INFO: ICE candidate sent from _DIMuvmC-pUWVs-MAAAG to 1aRGdPOQS0k-dp6nAAAI
[5pmte - 2025-09-05 pmn5 Ti37e - 13:09:15] INFO: ICE candidate sent from _DIMuvmC-pUWVs-MAAAG to 1aRGdPOQS0k-dp6nAAAI
[5pmte - 2025-09-05 pmn5 Ti37e - 13:09:15] INFO: ICE candidate sent from _DIMuvmC-pUWVs-MAAAG to 1aRGdPOQS0k-dp6nAAAI
[5pmte - 2025-09-05 pmn5 Ti37e - 13:09:15] INFO: ICE candidate sent from _DIMuvmC-pUWVs-MAAAG to 1aRGdPOQS0k-dp6nAAAI
[5pmte - 2025-09-05 pmn5 Ti37e - 13:09:15] INFO: ICE candidate sent from _DIMuvmC-pUWVs-MAAAG to 1aRGdPOQS0k-dp6nAAAI
[5pmte - 2025-09-05 pmn5 Ti37e - 13:09:15] INFO: ICE candidate sent from _DIMuvmC-pUWVs-MAAAG to 1aRGdPOQS0k-dp6nAAAI
[5pmte - 2025-09-05 pmn5 Ti37e - 13:09:15] INFO: ICE candidate sent from _DIMuvmC-pUWVs-MAAAG to 1aRGdPOQS0k-dp6nAAAI
[5pmte - 2025-09-05 pmn5 Ti37e - 13:09:15] INFO: ICE candidate sent from _DIMuvmC-pUWVs-MAAAG to 1aRGdPOQS0k-dp6nAAAI
[5pmte - 2025-09-05 pmn5 Ti37e - 13:09:15] INFO: ICE candidate sent from _DIMuvmC-pUWVs-MAAAG to 1aRGdPOQS0k-dp6nAAAI
[5pmte - 2025-09-05 pmn5 Ti37e - 13:09:16] INFO: ICE candidate sent from _DIMuvmC-pUWVs-MAAAG to 1aRGdPOQS0k-dp6nAAAI
[5pmte - 2025-09-05 pmn5 Ti37e - 13:09:16] INFO: ICE candidate sent from _DIMuvmC-pUWVs-MAAAG to 1aRGdPOQS0k-dp6nAAAI
[5pmte - 2025-09-05 pmn5 Ti37e - 13:09:16] INFO: ICE candidate sent from _DIMuvmC-pUWVs-MAAAG to 1aRGdPOQS0k-dp6nAAAI
[5pmte - 2025-09-05 pmn5 Ti37e - 13:09:16] INFO: ICE candidate sent from _DIMuvmC-pUWVs-MAAAG to 1aRGdPOQS0k-dp6nAAAI
[5pmte - 2025-09-05 pmn5 Ti37e - 13:09:16] INFO: ICE candidate sent from _DIMuvmC-pUWVs-MAAAG to 1aRGdPOQS0k-dp6nAAAI
[5pmte - 2025-09-05 pmn5 Ti37e - 13:09:16] INFO: ICE candidate sent from _DIMuvmC-pUWVs-MAAAG to 1aRGdPOQS0k-dp6nAAAI
[5pmte - 2025-09-05 pmn5 Ti37e - 13:09:16] INFO: ICE candidate sent from _DIMuvmC-pUWVs-MAAAG to 1aRGdPOQS0k-dp6nAAAI
[5pmte - 2025-09-05 pmn5 Ti37e - 13:09:17] INFO: ICE candidate sent from AtODJ1JXS7N1_FOyAAAB to 1aRGdPOQS0k-dp6nAAAI
[5pmte - 2025-09-05 pmn5 Ti37e - 13:09:17] INFO: ICE candidate sent from _DIMuvmC-pUWVs-MAAAG to 1aRGdPOQS0k-dp6nAAAI
[5pmte - 2025-09-05 pmn5 Ti37e - 13:09:21] INFO: Answer sent from 1aRGdPOQS0k-dp6nAAAI to AtODJ1JXS7N1_FOyAAAB
[5pmte - 2025-09-05 pmn5 Ti37e - 13:09:21] INFO: ICE candidate sent from 1aRGdPOQS0k-dp6nAAAI to AtODJ1JXS7N1_FOyAAAB
[5pmte - 2025-09-05 pmn5 Ti37e - 13:09:21] INFO: ICE candidate sent from 1aRGdPOQS0k-dp6nAAAI to AtODJ1JXS7N1_FOyAAAB
[5pmte - 2025-09-05 pmn5 Ti37e - 13:09:22] INFO: ICE candidate sent from 1aRGdPOQS0k-dp6nAAAI to AtODJ1JXS7N1_FOyAAAB
[5pmte - 2025-09-05 pmn5 Ti37e - 13:09:22] INFO: ICE candidate sent from 1aRGdPOQS0k-dp6nAAAI to AtODJ1JXS7N1_FOyAAAB
[5pmte - 2025-09-05 pmn5 Ti37e - 13:09:22] INFO: Offer sent from 1aRGdPOQS0k-dp6nAAAI to _DIMuvmC-pUWVs-MAAAG
[5pmte - 2025-09-05 pmn5 Ti37e - 13:09:22] INFO: ICE candidate sent from 1aRGdPOQS0k-dp6nAAAI to _DIMuvmC-pUWVs-MAAAG
[5pmte - 2025-09-05 pmn5 Ti37e - 13:09:22] INFO: ICE candidate sent from 1aRGdPOQS0k-dp6nAAAI to _DIMuvmC-pUWVs-MAAAG
[5pmte - 2025-09-05 pmn5 Ti37e - 13:09:22] INFO: ICE candidate sent from 1aRGdPOQS0k-dp6nAAAI to _DIMuvmC-pUWVs-MAAAG
[5pmte - 2025-09-05 pmn5 Ti37e - 13:09:22] INFO: ICE candidate sent from 1aRGdPOQS0k-dp6nAAAI to _DIMuvmC-pUWVs-MAAAG
[5pmte - 2025-09-05 pmn5 Ti37e - 13:09:22] INFO: ICE candidate sent from 1aRGdPOQS0k-dp6nAAAI to _DIMuvmC-pUWVs-MAAAG
[5pmte - 2025-09-05 pmn5 Ti37e - 13:09:22] INFO: ICE candidate sent from 1aRGdPOQS0k-dp6nAAAI to _DIMuvmC-pUWVs-MAAAG
[5pmte - 2025-09-05 pmn5 Ti37e - 13:09:22] INFO: ICE candidate sent from 1aRGdPOQS0k-dp6nAAAI to _DIMuvmC-pUWVs-MAAAG
[5pmte - 2025-09-05 pmn5 Ti37e - 13:09:22] INFO: ICE candidate sent from 1aRGdPOQS0k-dp6nAAAI to _DIMuvmC-pUWVs-MAAAG
[5pmte - 2025-09-05 pmn5 Ti37e - 13:09:23] INFO: ICE candidate sent from 1aRGdPOQS0k-dp6nAAAI to _DIMuvmC-pUWVs-MAAAG
[5pmte - 2025-09-05 pmn5 Ti37e - 13:09:23] INFO: ICE candidate sent from 1aRGdPOQS0k-dp6nAAAI to _DIMuvmC-pUWVs-MAAAG
[5pmte - 2025-09-05 pmn5 Ti37e - 13:09:23] INFO: ICE candidate sent from 1aRGdPOQS0k-dp6nAAAI to _DIMuvmC-pUWVs-MAAAG
[5pmte - 2025-09-05 pmn5 Ti37e - 13:09:23] INFO: ICE candidate sent from 1aRGdPOQS0k-dp6nAAAI to _DIMuvmC-pUWVs-MAAAG
[5pmte - 2025-09-05 pmn5 Ti37e - 13:09:23] INFO: ICE candidate sent from 1aRGdPOQS0k-dp6nAAAI to _DIMuvmC-pUWVs-MAAAG
[5pmte - 2025-09-05 pmn5 Ti37e - 13:09:23] INFO: ICE candidate sent from 1aRGdPOQS0k-dp6nAAAI to _DIMuvmC-pUWVs-MAAAG
[5pmte - 2025-09-05 pmn5 Ti37e - 13:09:23] INFO: ICE candidate sent from 1aRGdPOQS0k-dp6nAAAI to _DIMuvmC-pUWVs-MAAAG
[5pmte - 2025-09-05 pmn5 Ti37e - 13:09:23] INFO: ICE candidate sent from 1aRGdPOQS0k-dp6nAAAI to _DIMuvmC-pUWVs-MAAAG
[5pmte - 2025-09-05 pmn5 Ti37e - 13:09:24] INFO: ICE candidate sent from 1aRGdPOQS0k-dp6nAAAI to AtODJ1JXS7N1_FOyAAAB
[5pmte - 2025-09-05 pmn5 Ti37e - 13:09:24] INFO: ICE candidate sent from 1aRGdPOQS0k-dp6nAAAI to _DIMuvmC-pUWVs-MAAAG
[5pmte - 2025-09-05 pmn5 Ti37e - 13:09:27] INFO: ICE candidate sent from AtODJ1JXS7N1_FOyAAAB to 1aRGdPOQS0k-dp6nAAAI
[5pmte - 2025-09-05 pmn5 Ti37e - 13:09:28] INFO: Answer sent from _DIMuvmC-pUWVs-MAAAG to 1aRGdPOQS0k-dp6nAAAI
[5pmte - 2025-09-05 pmn5 Ti37e - 13:09:28] INFO: ICE candidate sent from _DIMuvmC-pUWVs-MAAAG to 1aRGdPOQS0k-dp6nAAAI
[5pmte - 2025-09-05 pmn5 Ti37e - 13:09:28] INFO: ICE candidate sent from _DIMuvmC-pUWVs-MAAAG to 1aRGdPOQS0k-dp6nAAAI
[5pmte - 2025-09-05 pmn5 Ti37e - 13:09:28] INFO: ICE candidate sent from _DIMuvmC-pUWVs-MAAAG to 1aRGdPOQS0k-dp6nAAAI
[5pmte - 2025-09-05 pmn5 Ti37e - 13:09:28] INFO: ICE candidate sent from _DIMuvmC-pUWVs-MAAAG to 1aRGdPOQS0k-dp6nAAAI
[5pmte - 2025-09-05 pmn5 Ti37e - 13:09:33] INFO: ICE candidate sent from 1aRGdPOQS0k-dp6nAAAI to AtODJ1JXS7N1_FOyAAAB
[5pmte - 2025-09-05 pmn5 Ti37e - 13:09:36] INFO: ICE candidate sent from 1aRGdPOQS0k-dp6nAAAI to _DIMuvmC-pUWVs-MAAAG
[5pmte - 2025-09-05 pmn5 Ti37e - 13:09:37] INFO: ICE candidate sent from AtODJ1JXS7N1_FOyAAAB to 1aRGdPOQS0k-dp6nAAAI
[5pmte - 2025-09-05 pmn5 Ti37e - 13:09:45] INFO: ICE candidate sent from 1aRGdPOQS0k-dp6nAAAI to _DIMuvmC-pUWVs-MAAAG
[5pmte - 2025-09-05 pmn5 Ti37e - 13:09:81] INFO: ICE candidate sent from _DIMuvmC-pUWVs-MAAAG to 1aRGdPOQS0k-dp6nAAAI
[5pmte - 2025-09-05 pmn5 Ti37e - 13:09:87] INFO: ICE candidate sent from _DIMuvmC-pUWVs-MAAAG to 1aRGdPOQS0k-dp6nAAAI
[5pmte - 2025-09-05 pmn5 Ti37e - 13:09:50] INFO: User _DIMuvmC-pUWVs-MAAAG stopped screen sharing in room 123
[5pmte - 2025-09-05 pmn5 Ti37e - 13:09:92] INFO: User _DIMuvmC-pUWVs-MAAAG started screen sharing in room 123
[5pmte - 2025-09-05 pmn5 Ti38e - 13:09:14] INFO: User AtODJ1JXS7N1_FOyAAAB started screen sharing in room 123
[5pmte - 2025-09-05 pmn5 Ti38e - 13:09:11] INFO: User _DIMuvmC-pUWVs-MAAAG stopped screen sharing in room 123
[5pmte - 2025-09-05 pmn5 Ti38e - 13:09:25] INFO: User Disconnected 1aRGdPOQS0k-dp6nAAAI
[5pmte - 2025-09-05 pmn5 Ti38e - 13:09:61] INFO: User AtODJ1JXS7N1_FOyAAAB stopped screen sharing in room 123
[5pmte - 2025-09-05 pmn5 Ti38e - 13:09:36] INFO: User _DIMuvmC-pUWVs-MAAAG started screen sharing in room 123
[5pmte - 2025-09-05 pmn5 Ti39e - 13:09:29] INFO: User Disconnected _DIMuvmC-pUWVs-MAAAG
[5pmte - 2025-09-05 pmn5 Ti46e - 13:09:31] INFO: User Disconnected AtODJ1JXS7N1_FOyAAAB
[5pmte - 2025-09-05 pmn5 Ti46e - 13:09:32] INFO: User Connected :
[5pmte - 2025-09-05 pmn5 Ti49e - 13:09:21] INFO: User Disconnected BqHGUtSwDURMeENSAAAK
[5pmte - 2025-09-05 pmn5 Ti49e - 13:09:21] INFO: User Connected :
[5pmte - 2025-09-05 pmn5 Ti49e - 13:09:69] INFO: User Disconnected HcbtIMkwwGH5aamdAAAM
[5pmte - 2025-09-05 pmn5 Ti49e - 13:09:76] INFO: User Connected :
[5pmte - 2025-09-05 pmn5 Ti49e - 13:09:45] INFO: User Disconnected Zc5cqrYpUvkuQ2W_AAAO
[5pmte - 2025-09-05 pmn5 Ti49e - 13:09:49] INFO: User Connected :
[5pmte - 2025-09-05 pmn5 Ti49e - 13:09:61] INFO: User Disconnected DS2Qc2REnKeViEPPAAAQ
[5pmte - 2025-09-05 pmn5 Ti49e - 13:09:85] INFO: User Connected :
[5pmte - 2025-09-05 pmn5 Ti49e - 13:09:89] INFO: User Disconnected XZUT5NOF47zb93DEAAAT
[5pmte - 2025-09-05 pmn5 Ti49e - 13:09:93] INFO: User Connected :
[5pmte - 2025-09-05 pmn5 Ti49e - 13:09:44] INFO: User Connected :
[5pmte - 2025-09-05 pmn5 Ti50e - 13:09:94] INFO: Offer sent from SiXDCp1H5W5oMGwNAAAV to 9JTRdBuGTn5mh-IgAAAX
[5pmte - 2025-09-05 pmn5 Ti50e - 13:09:94] INFO: ICE candidate sent from SiXDCp1H5W5oMGwNAAAV to 9JTRdBuGTn5mh-IgAAAX
[5pmte - 2025-09-05 pmn5 Ti50e - 13:09:94] INFO: ICE candidate sent from SiXDCp1H5W5oMGwNAAAV to 9JTRdBuGTn5mh-IgAAAX
[5pmte - 2025-09-05 pmn5 Ti50e - 13:09:94] INFO: ICE candidate sent from SiXDCp1H5W5oMGwNAAAV to 9JTRdBuGTn5mh-IgAAAX
[5pmte - 2025-09-05 pmn5 Ti50e - 13:09:94] INFO: ICE candidate sent from SiXDCp1H5W5oMGwNAAAV to 9JTRdBuGTn5mh-IgAAAX
[5pmte - 2025-09-05 pmn5 Ti50e - 13:09:94] INFO: ICE candidate sent from SiXDCp1H5W5oMGwNAAAV to 9JTRdBuGTn5mh-IgAAAX
[5pmte - 2025-09-05 pmn5 Ti50e - 13:09:94] INFO: ICE candidate sent from SiXDCp1H5W5oMGwNAAAV to 9JTRdBuGTn5mh-IgAAAX
[5pmte - 2025-09-05 pmn5 Ti50e - 13:09:94] INFO: ICE candidate sent from SiXDCp1H5W5oMGwNAAAV to 9JTRdBuGTn5mh-IgAAAX
[5pmte - 2025-09-05 pmn5 Ti50e - 13:09:94] INFO: ICE candidate sent from SiXDCp1H5W5oMGwNAAAV to 9JTRdBuGTn5mh-IgAAAX
[5pmte - 2025-09-05 pmn5 Ti50e - 13:09:95] INFO: ICE candidate sent from SiXDCp1H5W5oMGwNAAAV to 9JTRdBuGTn5mh-IgAAAX
[5pmte - 2025-09-05 pmn5 Ti50e - 13:09:95] INFO: ICE candidate sent from SiXDCp1H5W5oMGwNAAAV to 9JTRdBuGTn5mh-IgAAAX
[5pmte - 2025-09-05 pmn5 Ti50e - 13:09:95] INFO: ICE candidate sent from SiXDCp1H5W5oMGwNAAAV to 9JTRdBuGTn5mh-IgAAAX
[5pmte - 2025-09-05 pmn5 Ti50e - 13:09:95] INFO: ICE candidate sent from SiXDCp1H5W5oMGwNAAAV to 9JTRdBuGTn5mh-IgAAAX
[5pmte - 2025-09-05 pmn5 Ti50e - 13:09:95] INFO: ICE candidate sent from SiXDCp1H5W5oMGwNAAAV to 9JTRdBuGTn5mh-IgAAAX
[5pmte - 2025-09-05 pmn5 Ti50e - 13:09:95] INFO: ICE candidate sent from SiXDCp1H5W5oMGwNAAAV to 9JTRdBuGTn5mh-IgAAAX
[5pmte - 2025-09-05 pmn5 Ti50e - 13:09:95] INFO: ICE candidate sent from SiXDCp1H5W5oMGwNAAAV to 9JTRdBuGTn5mh-IgAAAX
[5pmte - 2025-09-05 pmn5 Ti50e - 13:09:95] INFO: ICE candidate sent from SiXDCp1H5W5oMGwNAAAV to 9JTRdBuGTn5mh-IgAAAX
[5pmte - 2025-09-05 pmn5 Ti50e - 13:09:98] INFO: Answer sent from 9JTRdBuGTn5mh-IgAAAX to SiXDCp1H5W5oMGwNAAAV
[5pmte - 2025-09-05 pmn5 Ti50e - 13:09:98] INFO: ICE candidate sent from 9JTRdBuGTn5mh-IgAAAX to SiXDCp1H5W5oMGwNAAAV
[5pmte - 2025-09-05 pmn5 Ti50e - 13:09:98] INFO: ICE candidate sent from 9JTRdBuGTn5mh-IgAAAX to SiXDCp1H5W5oMGwNAAAV
[5pmte - 2025-09-05 pmn5 Ti50e - 13:09:98] INFO: ICE candidate sent from 9JTRdBuGTn5mh-IgAAAX to SiXDCp1H5W5oMGwNAAAV
[5pmte - 2025-09-05 pmn5 Ti50e - 13:09:98] INFO: ICE candidate sent from 9JTRdBuGTn5mh-IgAAAX to SiXDCp1H5W5oMGwNAAAV
[5pmte - 2025-09-05 pmn5 Ti50e - 13:09:98] INFO: ICE candidate sent from SiXDCp1H5W5oMGwNAAAV to 9JTRdBuGTn5mh-IgAAAX
[5pmte - 2025-09-05 pmn5 Ti50e - 13:09:100] INFO: ICE candidate sent from 9JTRdBuGTn5mh-IgAAAX to SiXDCp1H5W5oMGwNAAAV
[5pmte - 2025-09-05 pmn5 Ti50e - 13:09:00] INFO: ICE candidate sent from SiXDCp1H5W5oMGwNAAAV to 9JTRdBuGTn5mh-IgAAAX
[5pmte - 2025-09-05 pmn5 Ti50e - 13:09:13] INFO: ICE candidate sent from 9JTRdBuGTn5mh-IgAAAX to SiXDCp1H5W5oMGwNAAAV
[5pmte - 2025-09-05 pmn5 Ti50e - 13:09:28] INFO: ICE candidate sent from SiXDCp1H5W5oMGwNAAAV to 9JTRdBuGTn5mh-IgAAAX
[5pmte - 2025-09-05 pmn5 Ti51e - 13:09:26] INFO: User 9JTRdBuGTn5mh-IgAAAX started screen sharing in room 1234
[5pmte - 2025-09-05 pmn5 Ti51e - 13:09:31] INFO: User 9JTRdBuGTn5mh-IgAAAX stopped screen sharing in room 1234
[5pmte - 2025-09-05 pmn5 Ti51e - 13:09:44] INFO: User SiXDCp1H5W5oMGwNAAAV started screen sharing in room 1234
[5pmte - 2025-09-05 pmn5 Ti52e - 13:09:34] INFO: User SiXDCp1H5W5oMGwNAAAV stopped screen sharing in room 1234
[5pmte - 2025-09-05 pmn5 Ti52e - 13:09:94] INFO: User Disconnected 9JTRdBuGTn5mh-IgAAAX
[5pmte - 2025-09-05 pmn5 Ti4e - 14:09:07] INFO: User Disconnected SiXDCp1H5W5oMGwNAAAV
[5pmte - 2025-09-05 pmn5 Ti4e - 14:09:07] INFO: User Connected :
[5pmte - 2025-09-05 pmn5 Ti4e - 14:09:81] INFO: User Disconnected otPBCjKrr-b-G8tvAAAZ
[5pmte - 2025-09-05 pmn5 Ti4e - 14:09:17] INFO: User Connected :
[5pmte - 2025-09-05 pmn5 Ti4e - 14:09:31] INFO: User Connected :
[5pmte - 2025-09-05 pmn5 Ti6e - 14:09:84] INFO: User Disconnected cDG43rBx58Je83DWAAAf
[5pmte - 2025-09-05 pmn5 Ti6e - 14:09:84] INFO: User Disconnected TmDXNoFaGFIssx53AAAc
[5pmte - 2025-09-05 pmn5 Ti6e - 14:09:85] INFO: User Connected :
[5pmte - 2025-09-05 pmn5 Ti6e - 14:09:85] INFO: User Connected :
[5pmte - 2025-09-05 pmn5 Ti6e - 14:09:05] INFO: Offer sent from 93XS_M-LZkj7aB8-AAAj to P3lLKUmOkIjxu1NvAAAh
[5pmte - 2025-09-05 pmn5 Ti6e - 14:09:05] INFO: ICE candidate sent from 93XS_M-LZkj7aB8-AAAj to P3lLKUmOkIjxu1NvAAAh
[5pmte - 2025-09-05 pmn5 Ti6e - 14:09:05] INFO: ICE candidate sent from 93XS_M-LZkj7aB8-AAAj to P3lLKUmOkIjxu1NvAAAh
[5pmte - 2025-09-05 pmn5 Ti6e - 14:09:05] INFO: ICE candidate sent from 93XS_M-LZkj7aB8-AAAj to P3lLKUmOkIjxu1NvAAAh
[5pmte - 2025-09-05 pmn5 Ti6e - 14:09:05] INFO: ICE candidate sent from 93XS_M-LZkj7aB8-AAAj to P3lLKUmOkIjxu1NvAAAh
[5pmte - 2025-09-05 pmn5 Ti6e - 14:09:05] INFO: ICE candidate sent from 93XS_M-LZkj7aB8-AAAj to P3lLKUmOkIjxu1NvAAAh
[5pmte - 2025-09-05 pmn5 Ti6e - 14:09:05] INFO: ICE candidate sent from 93XS_M-LZkj7aB8-AAAj to P3lLKUmOkIjxu1NvAAAh
[5pmte - 2025-09-05 pmn5 Ti6e - 14:09:05] INFO: ICE candidate sent from 93XS_M-LZkj7aB8-AAAj to P3lLKUmOkIjxu1NvAAAh
[5pmte - 2025-09-05 pmn5 Ti6e - 14:09:05] INFO: ICE candidate sent from 93XS_M-LZkj7aB8-AAAj to P3lLKUmOkIjxu1NvAAAh
[5pmte - 2025-09-05 pmn5 Ti6e - 14:09:05] INFO: ICE candidate sent from 93XS_M-LZkj7aB8-AAAj to P3lLKUmOkIjxu1NvAAAh
[5pmte - 2025-09-05 pmn5 Ti6e - 14:09:05] INFO: ICE candidate sent from 93XS_M-LZkj7aB8-AAAj to P3lLKUmOkIjxu1NvAAAh
[5pmte - 2025-09-05 pmn5 Ti6e - 14:09:05] INFO: ICE candidate sent from 93XS_M-LZkj7aB8-AAAj to P3lLKUmOkIjxu1NvAAAh
[5pmte - 2025-09-05 pmn5 Ti6e - 14:09:05] INFO: ICE candidate sent from 93XS_M-LZkj7aB8-AAAj to P3lLKUmOkIjxu1NvAAAh
[5pmte - 2025-09-05 pmn5 Ti6e - 14:09:05] INFO: ICE candidate sent from 93XS_M-LZkj7aB8-AAAj to P3lLKUmOkIjxu1NvAAAh
[5pmte - 2025-09-05 pmn5 Ti6e - 14:09:05] INFO: ICE candidate sent from 93XS_M-LZkj7aB8-AAAj to P3lLKUmOkIjxu1NvAAAh
[5pmte - 2025-09-05 pmn5 Ti6e - 14:09:05] INFO: ICE candidate sent from 93XS_M-LZkj7aB8-AAAj to P3lLKUmOkIjxu1NvAAAh
[5pmte - 2025-09-05 pmn5 Ti6e - 14:09:05] INFO: ICE candidate sent from 93XS_M-LZkj7aB8-AAAj to P3lLKUmOkIjxu1NvAAAh
[5pmte - 2025-09-05 pmn5 Ti6e - 14:09:07] INFO: Answer sent from P3lLKUmOkIjxu1NvAAAh to 93XS_M-LZkj7aB8-AAAj
[5pmte - 2025-09-05 pmn5 Ti6e - 14:09:07] INFO: ICE candidate sent from P3lLKUmOkIjxu1NvAAAh to 93XS_M-LZkj7aB8-AAAj
[5pmte - 2025-09-05 pmn5 Ti6e - 14:09:07] INFO: ICE candidate sent from P3lLKUmOkIjxu1NvAAAh to 93XS_M-LZkj7aB8-AAAj
[5pmte - 2025-09-05 pmn5 Ti6e - 14:09:07] INFO: ICE candidate sent from P3lLKUmOkIjxu1NvAAAh to 93XS_M-LZkj7aB8-AAAj
[5pmte - 2025-09-05 pmn5 Ti6e - 14:09:08] INFO: ICE candidate sent from P3lLKUmOkIjxu1NvAAAh to 93XS_M-LZkj7aB8-AAAj
[5pmte - 2025-09-05 pmn5 Ti6e - 14:09:09] INFO: ICE candidate sent from P3lLKUmOkIjxu1NvAAAh to 93XS_M-LZkj7aB8-AAAj
[5pmte - 2025-09-05 pmn5 Ti6e - 14:09:09] INFO: ICE candidate sent from 93XS_M-LZkj7aB8-AAAj to P3lLKUmOkIjxu1NvAAAh
[5pmte - 2025-09-05 pmn5 Ti6e - 14:09:11] INFO: ICE candidate sent from 93XS_M-LZkj7aB8-AAAj to P3lLKUmOkIjxu1NvAAAh
[5pmte - 2025-09-05 pmn5 Ti6e - 14:09:23] INFO: ICE candidate sent from P3lLKUmOkIjxu1NvAAAh to 93XS_M-LZkj7aB8-AAAj
[5pmte - 2025-09-05 pmn5 Ti6e - 14:09:46] INFO: ICE candidate sent from 93XS_M-LZkj7aB8-AAAj to P3lLKUmOkIjxu1NvAAAh
[5pmte - 2025-09-05 pmn5 Ti7e - 14:09:76] INFO: User Disconnected P3lLKUmOkIjxu1NvAAAh
